ProyectoFinal/ProyectoFinal/app/build/intermediates/manifest_merge_blame_file/debug/manifest-merger-blame-debug-report.txt
1<?xml version="1.0" encoding="utf-8"?>
2<manifest xmlns:android="http://schemas.android.com/apk/res/android"
3    package="com.example.proyectofinal"
4    android:versionCode="1"
5    android:versionName="1.0" >
6
7    <uses-sdk
8        android:minSdkVersion="16"
8-->src\main\AndroidManifest.xml
9        android:targetSdkVersion="30" />
9-->src\main\AndroidManifest.xml
10
11    <uses-permission android:name="android.permission.INTERNET" />
11-->src\main\AndroidManifest.xml:5:5-67
11-->src\main\AndroidManifest.xml:5:22-64
12    <uses-permission android:name="android.permission.ACCESS_NETWORK_STATE" />
12-->src\main\AndroidManifest.xml:6:5-79
12-->src\main\AndroidManifest.xml:6:22-76
13    <uses-permission android:name="android.permission.WAKE_LOCK" /> <!-- Required by older versions of Google Play services to create IID tokens -->
13-->[com.google.firebase:firebase-iid:21.0.1] AndroidManifest.xml:24:5-68
13-->[com.google.firebase:firebase-iid:21.0.1] AndroidManifest.xml:24:22-65
14    <uses-permission android:name="com.google.android.c2dm.permission.RECEIVE" />
14-->[com.google.firebase:firebase-iid:21.0.1] AndroidManifest.xml:26:5-82
14-->[com.google.firebase:firebase-iid:21.0.1] AndroidManifest.xml:26:22-79
15    <uses-permission android:name="com.google.android.finsky.permission.BIND_GET_INSTALL_REFERRER_SERVICE" />
15-->[com.google.android.gms:play-services-measurement:18.0.1] AndroidManifest.xml:26:5-110
15-->[com.google.android.gms:play-services-measurement:18.0.1] AndroidManifest.xml:26:22-107
16
17    <application
17-->src\main\AndroidManifest.xml:8:5-33:19
18        android:allowBackup="true"
18-->src\main\AndroidManifest.xml:9:9-35
19        android:appComponentFactory="androidx.core.app.CoreComponentFactory"
19-->[androidx.core:core:1.3.1] AndroidManifest.xml:24:18-86
20        android:debuggable="true"
21        android:icon="@mipmap/ic_launcher"
21-->src\main\AndroidManifest.xml:10:9-43
22        android:label="@string/app_name"
22-->src\main\AndroidManifest.xml:11:9-41
23        android:roundIcon="@mipmap/ic_launcher_round"
23-->src\main\AndroidManifest.xml:12:9-54
24        android:supportsRtl="true"
24-->src\main\AndroidManifest.xml:13:9-35
25        android:testOnly="true"
26        android:theme="@style/Theme.ProyectoFinal" >
26-->src\main\AndroidManifest.xml:14:9-51
27        <activity
27-->src\main\AndroidManifest.xml:15:9-18:79
28            android:name="com.example.proyectofinal.MenuInicio"
28-->src\main\AndroidManifest.xml:16:13-39
29            android:label="@string/title_activity_menu_inicio"
29-->src\main\AndroidManifest.xml:17:13-63
30            android:theme="@style/Theme.ProyectoFinal.NoActionBar" />
30-->src\main\AndroidManifest.xml:18:13-67
31        <activity android:name="com.example.proyectofinal.MainActivity" >
31-->src\main\AndroidManifest.xml:19:9-25:20
31-->src\main\AndroidManifest.xml:19:19-47
32            <intent-filter>
32-->src\main\AndroidManifest.xml:20:13-24:29
33                <action android:name="android.intent.action.MAIN" />
33-->src\main\AndroidManifest.xml:21:17-69
33-->src\main\AndroidManifest.xml:21:25-66
34
35                <category android:name="android.intent.category.LAUNCHER" />
35-->src\main\AndroidManifest.xml:23:17-77
35-->src\main\AndroidManifest.xml:23:27-74
36            </intent-filter>
37        </activity>
38
39        <service
39-->src\main\AndroidManifest.xml:26:9-32:19
40            android:name="com.example.proyectofinal.MyFirebaseMessagingService"
40-->src\main\AndroidManifest.xml:27:13-55
41            android:exported="false" >
41-->src\main\AndroidManifest.xml:28:13-37
42            <intent-filter>
42-->src\main\AndroidManifest.xml:29:13-31:29
43                <action android:name="com.google.firebase.MESSAGING_EVENT" />
43-->src\main\AndroidManifest.xml:30:17-78
43-->src\main\AndroidManifest.xml:30:25-75
44            </intent-filter>
45        </service>
46
47        <provider
47-->[com.squareup.picasso:picasso:2.71828] AndroidManifest.xml:8:9-11:40
48            android:name="com.squareup.picasso.PicassoProvider"
48-->[com.squareup.picasso:picasso:2.71828] AndroidManifest.xml:9:13-64
49            android:authorities="com.example.proyectofinal.com.squareup.picasso"
49-->[com.squareup.picasso:picasso:2.71828] AndroidManifest.xml:10:13-72
50            android:exported="false" />
50-->[com.squareup.picasso:picasso:2.71828] AndroidManifest.xml:11:13-37
51        <!--
52             FirebaseMessagingService performs security checks at runtime,
53             but set to not exported to explicitly avoid allowing another app to call it.
54        -->
55        <service
55-->[com.google.firebase:firebase-messaging:21.0.1] AndroidManifest.xml:28:9-35:19
56            android:name="com.google.firebase.messaging.FirebaseMessagingService"
56-->[com.google.firebase:firebase-messaging:21.0.1] AndroidManifest.xml:29:13-82
57            android:directBootAware="true"
57-->[com.google.firebase:firebase-messaging:21.0.1] AndroidManifest.xml:30:13-43
58            android:exported="false" >
58-->[com.google.firebase:firebase-messaging:21.0.1] AndroidManifest.xml:31:13-37
59            <intent-filter android:priority="-500" >
59-->src\main\AndroidManifest.xml:29:13-31:29
60                <action android:name="com.google.firebase.MESSAGING_EVENT" />
60-->src\main\AndroidManifest.xml:30:17-78
60-->src\main\AndroidManifest.xml:30:25-75
61            </intent-filter>
62        </service>
63        <service
63-->[com.google.firebase:firebase-messaging:21.0.1] AndroidManifest.xml:36:9-42:19
64            android:name="com.google.firebase.components.ComponentDiscoveryService"
64-->[com.google.firebase:firebase-messaging:21.0.1] AndroidManifest.xml:37:13-84
65            android:directBootAware="true"
65-->[com.google.firebase:firebase-common:19.5.0] AndroidManifest.xml:35:13-43
66            android:exported="false" >
66-->[com.google.firebase:firebase-messaging:21.0.1] AndroidManifest.xml:38:13-37
67            <meta-data
67-->[com.google.firebase:firebase-messaging:21.0.1] AndroidManifest.xml:39:13-41:85
68                android:name="com.google.firebase.components:com.google.firebase.messaging.FirebaseMessagingRegistrar"
68-->[com.google.firebase:firebase-messaging:21.0.1] AndroidManifest.xml:40:17-119
69                android:value="com.google.firebase.components.ComponentRegistrar" />
69-->[com.google.firebase:firebase-messaging:21.0.1] AndroidManifest.xml:41:17-82
70            <meta-data
70-->[com.google.firebase:firebase-datatransport:17.0.10] AndroidManifest.xml:28:13-30:85
71                android:name="com.google.firebase.components:com.google.firebase.datatransport.TransportRegistrar"
71-->[com.google.firebase:firebase-datatransport:17.0.10] AndroidManifest.xml:29:17-115
72                android:value="com.google.firebase.components.ComponentRegistrar" />
72-->[com.google.firebase:firebase-datatransport:17.0.10] AndroidManifest.xml:30:17-82
73            <meta-data
73-->[com.google.firebase:firebase-iid:21.0.1] AndroidManifest.xml:32:13-34:85
74                android:name="com.google.firebase.components:com.google.firebase.iid.Registrar"
74-->[com.google.firebase:firebase-iid:21.0.1] AndroidManifest.xml:33:17-96
75                android:value="com.google.firebase.components.ComponentRegistrar" />
75-->[com.google.firebase:firebase-iid:21.0.1] AndroidManifest.xml:34:17-82
76            <meta-data
76-->[com.google.android.gms:play-services-measurement-api:18.0.1] AndroidManifest.xml:30:13-32:85
77                android:name="com.google.firebase.components:com.google.firebase.analytics.connector.internal.AnalyticsConnectorRegistrar"
77-->[com.google.android.gms:play-services-measurement-api:18.0.1] AndroidManifest.xml:31:17-139
78                android:value="com.google.firebase.components.ComponentRegistrar" />
78-->[com.google.android.gms:play-services-measurement-api:18.0.1] AndroidManifest.xml:32:17-82
79            <meta-data
79-->[com.google.firebase:firebase-installations:16.3.5] AndroidManifest.xml:18:13-20:85
80                android:name="com.google.firebase.components:com.google.firebase.installations.FirebaseInstallationsRegistrar"
80-->[com.google.firebase:firebase-installations:16.3.5] AndroidManifest.xml:19:17-127
81                android:value="com.google.firebase.components.ComponentRegistrar" />
81-->[com.google.firebase:firebase-installations:16.3.5] AndroidManifest.xml:20:17-82
82            <!--
83                This registrar is not defined in the dynamic-module-support sdk itself to allow non-firebase
84                clients to use it as well, by defining this registrar in their own core/common library.
85            -->
86            <meta-data
86-->[com.google.firebase:firebase-common:19.5.0] AndroidManifest.xml:43:13-45:85
87                android:name="com.google.firebase.components:com.google.firebase.dynamicloading.DynamicLoadingRegistrar"
87-->[com.google.firebase:firebase-common:19.5.0] AndroidManifest.xml:44:17-121
88                android:value="com.google.firebase.components.ComponentRegistrar" />
88-->[com.google.firebase:firebase-common:19.5.0] AndroidManifest.xml:45:17-82
89        </service>
90        <service
90-->[com.google.android.datatransport:transport-backend-cct:2.3.3] AndroidManifest.xml:29:9-35:19
91            android:name="com.google.android.datatransport.runtime.backends.TransportBackendDiscovery"
91-->[com.google.android.datatransport:transport-backend-cct:2.3.3] AndroidManifest.xml:30:13-103
92            android:exported="false" >
92-->[com.google.android.datatransport:transport-backend-cct:2.3.3] AndroidManifest.xml:31:13-37
93            <meta-data
93-->[com.google.android.datatransport:transport-backend-cct:2.3.3] AndroidManifest.xml:32:13-34:39
94                android:name="backend:com.google.android.datatransport.cct.CctBackendFactory"
94-->[com.google.android.datatransport:transport-backend-cct:2.3.3] AndroidManifest.xml:33:17-94
95                android:value="cct" />
95-->[com.google.android.datatransport:transport-backend-cct:2.3.3] AndroidManifest.xml:34:17-36
96        </service>
97
98        <receiver
98-->[com.google.firebase:firebase-iid:21.0.1] AndroidManifest.xml:37:9-44:20
99            android:name="com.google.firebase.iid.FirebaseInstanceIdReceiver"
99-->[com.google.firebase:firebase-iid:21.0.1] AndroidManifest.xml:38:13-78
100            android:exported="true"
100-->[com.google.firebase:firebase-iid:21.0.1] AndroidManifest.xml:39:13-36
101            android:permission="com.google.android.c2dm.permission.SEND" >
101-->[com.google.firebase:firebase-iid:21.0.1] AndroidManifest.xml:40:13-73
102            <intent-filter>
102-->[com.google.firebase:firebase-iid:21.0.1] AndroidManifest.xml:41:13-43:29
103                <action android:name="com.google.android.c2dm.intent.RECEIVE" />
103-->[com.google.firebase:firebase-iid:21.0.1] AndroidManifest.xml:42:17-81
103-->[com.google.firebase:firebase-iid:21.0.1] AndroidManifest.xml:42:25-78
104            </intent-filter>
105        </receiver>
106
107        <provider
107-->[com.google.firebase:firebase-common:19.5.0] AndroidManifest.xml:26:9-31:39
108            android:name="com.google.firebase.provider.FirebaseInitProvider"
108-->[com.google.firebase:firebase-common:19.5.0] AndroidManifest.xml:27:13-77
109            android:authorities="com.example.proyectofinal.firebaseinitprovider"
109-->[com.google.firebase:firebase-common:19.5.0] AndroidManifest.xml:28:13-72
110            android:directBootAware="true"
110-->[com.google.firebase:firebase-common:19.5.0] AndroidManifest.xml:29:13-43
111            android:exported="false"
111-->[com.google.firebase:firebase-common:19.5.0] AndroidManifest.xml:30:13-37
112            android:initOrder="100" />
112-->[com.google.firebase:firebase-common:19.5.0] AndroidManifest.xml:31:13-36
113
114        <receiver
114-->[com.google.android.gms:play-services-measurement:18.0.1] AndroidManifest.xml:29:9-33:20
115            android:name="com.google.android.gms.measurement.AppMeasurementReceiver"
115-->[com.google.android.gms:play-services-measurement:18.0.1] AndroidManifest.xml:30:13-85
116            android:enabled="true"
116-->[com.google.android.gms:play-services-measurement:18.0.1] AndroidManifest.xml:31:13-35
117            android:exported="false" >
117-->[com.google.android.gms:play-services-measurement:18.0.1] AndroidManifest.xml:32:13-37
118        </receiver>
119
120        <service
120-->[com.google.android.gms:play-services-measurement:18.0.1] AndroidManifest.xml:35:9-38:40
121            android:name="com.google.android.gms.measurement.AppMeasurementService"
121-->[com.google.android.gms:play-services-measurement:18.0.1] AndroidManifest.xml:36:13-84
122            android:enabled="true"
122-->[com.google.android.gms:play-services-measurement:18.0.1] AndroidManifest.xml:37:13-35
123            android:exported="false" />
123-->[com.google.android.gms:play-services-measurement:18.0.1] AndroidManifest.xml:38:13-37
124        <service
124-->[com.google.android.gms:play-services-measurement:18.0.1] AndroidManifest.xml:39:9-43:72
125            android:name="com.google.android.gms.measurement.AppMeasurementJobService"
125-->[com.google.android.gms:play-services-measurement:18.0.1] AndroidManifest.xml:40:13-87
126            android:enabled="true"
126-->[com.google.android.gms:play-services-measurement:18.0.1] AndroidManifest.xml:41:13-35
127            android:exported="false"
127-->[com.google.android.gms:play-services-measurement:18.0.1] AndroidManifest.xml:42:13-37
128            android:permission="android.permission.BIND_JOB_SERVICE" />
128-->[com.google.android.gms:play-services-measurement:18.0.1] AndroidManifest.xml:43:13-69
129
130        <activity
130-->[com.google.android.gms:play-services-base:17.0.0] AndroidManifest.xml:23:9-26:75
131            android:name="com.google.android.gms.common.api.GoogleApiActivity"
131-->[com.google.android.gms:play-services-base:17.0.0] AndroidManifest.xml:24:13-79
132            android:exported="false"
132-->[com.google.android.gms:play-services-base:17.0.0] AndroidManifest.xml:25:13-37
133            android:theme="@android:style/Theme.Translucent.NoTitleBar" />
133-->[com.google.android.gms:play-services-base:17.0.0] AndroidManifest.xml:26:13-72
134
135        <meta-data
135-->[com.google.android.gms:play-services-basement:17.0.0] AndroidManifest.xml:23:9-25:69
136            android:name="com.google.android.gms.version"
136-->[com.google.android.gms:play-services-basement:17.0.0] AndroidManifest.xml:24:13-58
137            android:value="@integer/google_play_services_version" />
137-->[com.google.android.gms:play-services-basement:17.0.0] AndroidManifest.xml:25:13-66
138
139        <service
139-->[com.google.android.datatransport:transport-runtime:2.2.5] AndroidManifest.xml:26:9-30:19
140            android:name="com.google.android.datatransport.runtime.scheduling.jobscheduling.JobInfoSchedulerService"
140-->[com.google.android.datatransport:transport-runtime:2.2.5] AndroidManifest.xml:27:13-117
141            android:exported="false"
141-->[com.google.android.datatransport:transport-runtime:2.2.5] AndroidManifest.xml:28:13-37
142            android:permission="android.permission.BIND_JOB_SERVICE" >
142-->[com.google.android.datatransport:transport-runtime:2.2.5] AndroidManifest.xml:29:13-69
143        </service>
144
145        <receiver
145-->[com.google.android.datatransport:transport-runtime:2.2.5] AndroidManifest.xml:32:9-34:40
146            android:name="com.google.android.datatransport.runtime.scheduling.jobscheduling.AlarmManagerSchedulerBroadcastReceiver"
146-->[com.google.android.datatransport:transport-runtime:2.2.5] AndroidManifest.xml:33:13-132
147            android:exported="false" />
147-->[com.google.android.datatransport:transport-runtime:2.2.5] AndroidManifest.xml:34:13-37
148    </application>
149
150</manifest>